2017-01-19 14:39:27,454 ERROR    root            (gcloud) too few arguments
2017-01-19 14:39:27,461 DEBUG    root            Loaded Command Group: ['gcloud', 'info']
2017-01-19 14:39:27,464 DEBUG    root            Loaded Command Group: ['gcloud', 'feedback']
2017-01-19 14:39:27,466 DEBUG    root            Loaded Command Group: ['gcloud', 'app']
2017-01-19 14:39:27,467 DEBUG    root            Loaded Command Group: ['gcloud', 'topic']
2017-01-19 14:39:27,468 DEBUG    root            Loaded Command Group: ['gcloud', 'meta']
2017-01-19 14:39:27,469 DEBUG    root            No implementation for release track [GA] in file: [/nix/store/kkdm4a415gpzr8xpvzn47r56slkz5jh4-google-cloud-sdk-138.0.0/google-cloud-sdk/lib/surface/datastore/__init__.py]
2017-01-19 14:39:27,469 DEBUG    root            Loaded Command Group: ['gcloud', 'help']
2017-01-19 14:39:27,470 DEBUG    root            Loaded Command Group: ['gcloud', 'iam']
2017-01-19 14:39:27,472 DEBUG    root            No implementation for release track [GA] in file: [/nix/store/kkdm4a415gpzr8xpvzn47r56slkz5jh4-google-cloud-sdk-138.0.0/google-cloud-sdk/lib/surface/genomics/__init__.py]
2017-01-19 14:39:27,472 DEBUG    root            No implementation for release track [GA] in file: [/nix/store/kkdm4a415gpzr8xpvzn47r56slkz5jh4-google-cloud-sdk-138.0.0/google-cloud-sdk/lib/surface/functions/__init__.py]
2017-01-19 14:39:27,529 DEBUG    root            Loaded Command Group: ['gcloud', 'container']
2017-01-19 14:39:27,530 DEBUG    root            No implementation for release track [GA] in file: [/nix/store/kkdm4a415gpzr8xpvzn47r56slkz5jh4-google-cloud-sdk-138.0.0/google-cloud-sdk/lib/surface/billing/__init__.py]
2017-01-19 14:39:27,547 DEBUG    root            Loaded Command Group: ['gcloud', 'source']
2017-01-19 14:39:27,558 DEBUG    root            Loaded Command Group: ['gcloud', 'init']
2017-01-19 14:39:27,559 DEBUG    root            Loaded Command Group: ['gcloud', 'version']
2017-01-19 14:39:27,560 DEBUG    root            Loaded Command Group: ['gcloud', 'projects']
2017-01-19 14:39:27,561 DEBUG    root            Loaded Command Group: ['gcloud', 'dns']
2017-01-19 14:39:27,563 DEBUG    root            No implementation for release track [GA] in file: [/nix/store/kkdm4a415gpzr8xpvzn47r56slkz5jh4-google-cloud-sdk-138.0.0/google-cloud-sdk/lib/surface/test/__init__.py]
2017-01-19 14:39:27,564 DEBUG    root            Loaded Command Group: ['gcloud', 'config']
2017-01-19 14:39:27,565 DEBUG    root            No implementation for release track [GA] in file: [/nix/store/kkdm4a415gpzr8xpvzn47r56slkz5jh4-google-cloud-sdk-138.0.0/google-cloud-sdk/lib/surface/pubsub/__init__.py]
2017-01-19 14:39:27,566 DEBUG    root            No implementation for release track [GA] in file: [/nix/store/kkdm4a415gpzr8xpvzn47r56slkz5jh4-google-cloud-sdk-138.0.0/google-cloud-sdk/lib/surface/bio/__init__.py]
2017-01-19 14:39:27,567 DEBUG    root            No implementation for release track [GA] in file: [/nix/store/kkdm4a415gpzr8xpvzn47r56slkz5jh4-google-cloud-sdk-138.0.0/google-cloud-sdk/lib/surface/error_reporting/__init__.py]
2017-01-19 14:39:27,568 DEBUG    root            No implementation for release track [GA] in file: [/nix/store/kkdm4a415gpzr8xpvzn47r56slkz5jh4-google-cloud-sdk-138.0.0/google-cloud-sdk/lib/surface/service_registry/__init__.py]
2017-01-19 14:39:27,568 DEBUG    root            Loaded Command Group: ['gcloud', 'dataproc']
2017-01-19 14:39:27,569 DEBUG    root            No implementation for release track [GA] in file: [/nix/store/kkdm4a415gpzr8xpvzn47r56slkz5jh4-google-cloud-sdk-138.0.0/google-cloud-sdk/lib/surface/emulators/__init__.py]
2017-01-19 14:39:27,570 DEBUG    root            Loaded Command Group: ['gcloud', 'auth']
2017-01-19 14:39:27,571 DEBUG    root            Loaded Command Group: ['gcloud', 'sql']
2017-01-19 14:39:27,573 DEBUG    root            No implementation for release track [GA] in file: [/nix/store/kkdm4a415gpzr8xpvzn47r56slkz5jh4-google-cloud-sdk-138.0.0/google-cloud-sdk/lib/surface/logging/__init__.py]
2017-01-19 14:39:27,574 DEBUG    root            No implementation for release track [GA] in file: [/nix/store/kkdm4a415gpzr8xpvzn47r56slkz5jh4-google-cloud-sdk-138.0.0/google-cloud-sdk/lib/surface/bigtable/__init__.py]
2017-01-19 14:39:27,574 DEBUG    root            No implementation for release track [GA] in file: [/nix/store/kkdm4a415gpzr8xpvzn47r56slkz5jh4-google-cloud-sdk-138.0.0/google-cloud-sdk/lib/surface/resource_manager/__init__.py]
2017-01-19 14:39:27,574 DEBUG    root            Loaded Command Group: ['gcloud', 'organizations']
2017-01-19 14:39:27,577 DEBUG    root            Loaded Command Group: ['gcloud', 'compute']
2017-01-19 14:39:27,580 DEBUG    root            Loaded Command Group: ['gcloud', 'service_management']
2017-01-19 14:39:27,581 DEBUG    root            No implementation for release track [GA] in file: [/nix/store/kkdm4a415gpzr8xpvzn47r56slkz5jh4-google-cloud-sdk-138.0.0/google-cloud-sdk/lib/surface/dataflow/__init__.py]
2017-01-19 14:39:27,582 DEBUG    root            No implementation for release track [GA] in file: [/nix/store/kkdm4a415gpzr8xpvzn47r56slkz5jh4-google-cloud-sdk-138.0.0/google-cloud-sdk/lib/surface/ml/__init__.py]
2017-01-19 14:39:27,582 DEBUG    root            Loaded Command Group: ['gcloud', 'components']
2017-01-19 14:39:27,589 DEBUG    root            No implementation for release track [GA] in file: [/nix/store/kkdm4a415gpzr8xpvzn47r56slkz5jh4-google-cloud-sdk-138.0.0/google-cloud-sdk/lib/surface/debug/__init__.py]
2017-01-19 14:39:27,592 DEBUG    root            Loaded Command Group: ['gcloud', 'docker']
2017-01-19 14:39:27,593 DEBUG    root            Loaded Command Group: ['gcloud', 'deployment_manager']
