2017-01-19 14:40:28,667 DEBUG    root            Loaded Command Group: ['gcloud', 'info']
2017-01-19 14:40:28,671 DEBUG    root            Loaded Command Group: ['gcloud', 'feedback']
2017-01-19 14:40:28,672 DEBUG    root            Loaded Command Group: ['gcloud', 'app']
2017-01-19 14:40:28,673 DEBUG    root            Loaded Command Group: ['gcloud', 'topic']
2017-01-19 14:40:28,674 DEBUG    root            Loaded Command Group: ['gcloud', 'meta']
2017-01-19 14:40:28,675 DEBUG    root            No implementation for release track [GA] in file: [/nix/store/kkdm4a415gpzr8xpvzn47r56slkz5jh4-google-cloud-sdk-138.0.0/google-cloud-sdk/lib/surface/datastore/__init__.py]
2017-01-19 14:40:28,675 DEBUG    root            Loaded Command Group: ['gcloud', 'help']
2017-01-19 14:40:28,676 DEBUG    root            Loaded Command Group: ['gcloud', 'iam']
2017-01-19 14:40:28,678 DEBUG    root            No implementation for release track [GA] in file: [/nix/store/kkdm4a415gpzr8xpvzn47r56slkz5jh4-google-cloud-sdk-138.0.0/google-cloud-sdk/lib/surface/genomics/__init__.py]
2017-01-19 14:40:28,678 DEBUG    root            No implementation for release track [GA] in file: [/nix/store/kkdm4a415gpzr8xpvzn47r56slkz5jh4-google-cloud-sdk-138.0.0/google-cloud-sdk/lib/surface/functions/__init__.py]
2017-01-19 14:40:28,733 DEBUG    root            Loaded Command Group: ['gcloud', 'container']
2017-01-19 14:40:28,734 DEBUG    root            No implementation for release track [GA] in file: [/nix/store/kkdm4a415gpzr8xpvzn47r56slkz5jh4-google-cloud-sdk-138.0.0/google-cloud-sdk/lib/surface/billing/__init__.py]
2017-01-19 14:40:28,750 DEBUG    root            Loaded Command Group: ['gcloud', 'source']
2017-01-19 14:40:28,761 DEBUG    root            Loaded Command Group: ['gcloud', 'init']
2017-01-19 14:40:28,762 DEBUG    root            Loaded Command Group: ['gcloud', 'version']
2017-01-19 14:40:28,763 DEBUG    root            Loaded Command Group: ['gcloud', 'projects']
2017-01-19 14:40:28,765 DEBUG    root            Loaded Command Group: ['gcloud', 'dns']
2017-01-19 14:40:28,766 DEBUG    root            No implementation for release track [GA] in file: [/nix/store/kkdm4a415gpzr8xpvzn47r56slkz5jh4-google-cloud-sdk-138.0.0/google-cloud-sdk/lib/surface/test/__init__.py]
2017-01-19 14:40:28,767 DEBUG    root            Loaded Command Group: ['gcloud', 'config']
2017-01-19 14:40:28,768 DEBUG    root            No implementation for release track [GA] in file: [/nix/store/kkdm4a415gpzr8xpvzn47r56slkz5jh4-google-cloud-sdk-138.0.0/google-cloud-sdk/lib/surface/pubsub/__init__.py]
2017-01-19 14:40:28,769 DEBUG    root            No implementation for release track [GA] in file: [/nix/store/kkdm4a415gpzr8xpvzn47r56slkz5jh4-google-cloud-sdk-138.0.0/google-cloud-sdk/lib/surface/bio/__init__.py]
2017-01-19 14:40:28,770 DEBUG    root            No implementation for release track [GA] in file: [/nix/store/kkdm4a415gpzr8xpvzn47r56slkz5jh4-google-cloud-sdk-138.0.0/google-cloud-sdk/lib/surface/error_reporting/__init__.py]
2017-01-19 14:40:28,771 DEBUG    root            No implementation for release track [GA] in file: [/nix/store/kkdm4a415gpzr8xpvzn47r56slkz5jh4-google-cloud-sdk-138.0.0/google-cloud-sdk/lib/surface/service_registry/__init__.py]
2017-01-19 14:40:28,772 DEBUG    root            Loaded Command Group: ['gcloud', 'dataproc']
2017-01-19 14:40:28,773 DEBUG    root            No implementation for release track [GA] in file: [/nix/store/kkdm4a415gpzr8xpvzn47r56slkz5jh4-google-cloud-sdk-138.0.0/google-cloud-sdk/lib/surface/emulators/__init__.py]
2017-01-19 14:40:28,773 DEBUG    root            Loaded Command Group: ['gcloud', 'auth']
2017-01-19 14:40:28,775 DEBUG    root            Loaded Command Group: ['gcloud', 'sql']
2017-01-19 14:40:28,776 DEBUG    root            No implementation for release track [GA] in file: [/nix/store/kkdm4a415gpzr8xpvzn47r56slkz5jh4-google-cloud-sdk-138.0.0/google-cloud-sdk/lib/surface/logging/__init__.py]
2017-01-19 14:40:28,776 DEBUG    root            No implementation for release track [GA] in file: [/nix/store/kkdm4a415gpzr8xpvzn47r56slkz5jh4-google-cloud-sdk-138.0.0/google-cloud-sdk/lib/surface/bigtable/__init__.py]
2017-01-19 14:40:28,777 DEBUG    root            No implementation for release track [GA] in file: [/nix/store/kkdm4a415gpzr8xpvzn47r56slkz5jh4-google-cloud-sdk-138.0.0/google-cloud-sdk/lib/surface/resource_manager/__init__.py]
2017-01-19 14:40:28,777 DEBUG    root            Loaded Command Group: ['gcloud', 'organizations']
2017-01-19 14:40:28,781 DEBUG    root            Loaded Command Group: ['gcloud', 'compute']
2017-01-19 14:40:28,782 DEBUG    root            Loaded Command Group: ['gcloud', 'service_management']
2017-01-19 14:40:28,784 DEBUG    root            No implementation for release track [GA] in file: [/nix/store/kkdm4a415gpzr8xpvzn47r56slkz5jh4-google-cloud-sdk-138.0.0/google-cloud-sdk/lib/surface/dataflow/__init__.py]
2017-01-19 14:40:28,784 DEBUG    root            No implementation for release track [GA] in file: [/nix/store/kkdm4a415gpzr8xpvzn47r56slkz5jh4-google-cloud-sdk-138.0.0/google-cloud-sdk/lib/surface/ml/__init__.py]
2017-01-19 14:40:28,785 DEBUG    root            Loaded Command Group: ['gcloud', 'components']
2017-01-19 14:40:28,791 DEBUG    root            No implementation for release track [GA] in file: [/nix/store/kkdm4a415gpzr8xpvzn47r56slkz5jh4-google-cloud-sdk-138.0.0/google-cloud-sdk/lib/surface/debug/__init__.py]
2017-01-19 14:40:28,794 DEBUG    root            Loaded Command Group: ['gcloud', 'docker']
2017-01-19 14:40:28,795 DEBUG    root            Loaded Command Group: ['gcloud', 'deployment_manager']
2017-01-19 14:40:28,796 ERROR    root            (gcloud) Invalid choice: 'print-access-token'.
