2017-01-19 14:40:56,083 DEBUG    root            Loaded Command Group: ['gcloud', 'auth']
2017-01-19 14:40:56,086 DEBUG    root            Loaded Command Group: ['gcloud', 'auth', 'login']
2017-01-19 14:40:56,087 DEBUG    root            Running gcloud.auth.login with Namespace(__calliope_internal_deepest_parser=ArgumentParser(prog='gcloud.auth.login', usage=None, description='Obtains access credentials for your user account via a web-based authorization\nflow. When this command completes successfully, it sets the active account\nin the current configuration to the account specified. If no configuration\nexists, it creates a configuration named default.\n\nIf valid credentials for an account are already available from a prior\nauthorization, the account is set to active without rerunning the flow.\n\nUse `gcloud auth list` to view credentialed accounts.', version=None, formatter_class=<class 'argparse.HelpFormatter'>, conflict_handler='error', add_help=False), account=None, activate=True, authority_selector=None, authorization_token_file=None, brief=False, calliope_command=<googlecloudsdk.calliope.backend.Command object at 0x7ff0ef2e3050>, command_path=['gcloud', 'auth', 'login'], configuration=None, credential_file_override=None, document=None, enable_gdrive_access=False, flatten=None, force=False, format=None, h=None, help=None, http_timeout=None, launch_browser=True, log_http=None, project=None, quiet=None, trace_email=None, trace_log=None, trace_token=None, user_output_enabled=None, verbosity='warning', version=None).
2017-01-19 14:40:57,107 INFO     ___FILE_ONLY___ Your browser has been opened to visit:

    https://accounts.google.com/o/oauth2/auth?redirect_uri=http%3A%2F%2Flocalhost%3A8085%2F&prompt=select_account&response_type=code&client_id=32555940559.apps.googleusercontent.com&scope=https%3A%2F%2Fwww.googleapis.com%2Fauth%2Fuserinfo.email+https%3A%2F%2Fwww.googleapis.com%2Fauth%2Fcloud-platform+https%3A%2F%2Fwww.googleapis.com%2Fauth%2Fappengine.admin+https%3A%2F%2Fwww.googleapis.com%2Fauth%2Fcompute&access_type=offline



2017-01-19 14:41:05,098 INFO     oauth2client.client Successfully retrieved access token
2017-01-19 14:41:05,110 DEBUG    oauth2client.contrib.multistore_file Initializing empty multistore file
2017-01-19 14:41:05,116 WARNING  root            `gcloud auth login` no longer writes application default credentials.
If you need to use ADC, see:
  gcloud auth application-default --help
2017-01-19 14:41:05,120 INFO     ___FILE_ONLY___ 
You are now logged in as [mariusz@livewyer.com].
Your current project is [None].  You can change this setting by running:
  $ gcloud config set project PROJECT_ID

2017-01-19 14:41:05,123 DEBUG    root            Checking for updates...
2017-01-19 14:41:05,451 DEBUG    root            Updating notification cache...
2017-01-19 14:41:05,451 DEBUG    root            Activating notification: [default]
2017-01-19 14:41:05,451 INFO     ___FILE_ONLY___ 

Updates are available for some Cloud SDK components.  To install them,
please run:
  $ gcloud components update


