VirtualBox XPCOM Server 5.0.12_OSE r104815 linux.amd64 (Dec 18 2015 16:23:48) release log
00:00:00.000431 main     Log opened 2016-03-11T12:33:06.715171000Z
00:00:00.000433 main     Build Type: release
00:00:00.000435 main     OS Product: Linux
00:00:00.000436 main     OS Release: 4.3.6
00:00:00.000436 main     OS Version: #1-NixOS SMP Fri Feb 19 22:35:24 UTC 2016
00:00:00.000451 main     DMI Product Name: System Product Name
00:00:00.000454 main     DMI Product Version: System Version
00:00:00.000501 main     Host RAM: 15941MB total, 13768MB available
00:00:00.000503 main     Executable: /nix/store/4f5hap4s6pqk44hwipgiph2sqh77c5zr-virtualbox-5.0.12-4.3.6/libexec/virtualbox/VBoxSVC
00:00:00.000504 main     Process ID: 3256
00:00:00.000504 main     Package type: LINUX_64BITS_GENERIC (OSE)
00:00:00.104783 nspr-2   Home directory: '/home/shd/.config/VirtualBox'
00:00:00.105290 nspr-2   Loading settings file "/home/shd/.config/VirtualBox/VirtualBox.xml" with version "1.12-linux"
00:00:00.106318 nspr-2   Failed to retrive disk info: getDiskName(/dev/disk/by-uuid/4596d581-3476-48a4-958e-928d1258c3aa) --> md126p3
00:00:00.130149 nspr-2   HostDnsMonitor: old information
00:00:00.130186 nspr-2     no server entries
00:00:00.130201 nspr-2     no search string entries
00:00:00.130207 nspr-2     no domain set
00:00:00.130213 nspr-2   HostDnsMonitor: new information
00:00:00.130218 nspr-2     server 1: 192.168.0.1
00:00:00.130227 nspr-2     search string 1: nawia.net
00:00:00.130233 nspr-2     domain: nawia.net
00:00:00.130253 nspr-2   HostDnsMonitorProxy::notify
00:00:00.145336 nspr-2   failed to create vboxnet1, error (0x80004005)
00:00:00.145975 nspr-2   VD: VDInit finished
00:00:00.146145 nspr-2   ERROR [COM]: aRC=NS_ERROR_FAILURE (0x80004005) aIID={0eb668d2-495e-5a36-8890-29999b5f030c} aComponent={SystemPropertiesWrap} aText={Cannot determine default Guest Additions ISO location. Most likely they are not available}, preserve=false aResultDetail=0
00:00:00.151956 nspr-2   Loading settings file "/home/shd/VirtualBox VMs/vagrant_core-01_1457006719608_36449/vagrant_core-01_1457006719608_36449.vbox" with version "1.12-linux"
00:00:00.153576 nspr-2   Loading settings file "/home/shd/VirtualBox VMs/vagrant_core-02_1457006742980_82453/vagrant_core-02_1457006742980_82453.vbox" with version "1.12-linux"
00:00:00.154981 nspr-2   Loading settings file "/home/shd/VirtualBox VMs/vagrant_core-03_1457006766756_51629/vagrant_core-03_1457006766756_51629.vbox" with version "1.12-linux"
00:00:00.156362 nspr-2   Loading settings file "/home/shd/VirtualBox VMs/vagrant_core-04_1457006791325_34930/vagrant_core-04_1457006791325_34930.vbox" with version "1.12-linux"
00:00:00.157790 nspr-2   Loading settings file "/home/shd/VirtualBox VMs/debian/debian.vbox" with version "1.15-linux"
00:00:00.159292 nspr-2   Loading settings file "/home/shd/VirtualBox VMs/nixops-4f790bba-e784-11e5-89fd-305a3a4b2f3b-test1/nixops-4f790bba-e784-11e5-89fd-305a3a4b2f3b-test1.vbox" with version "1.15-linux"
00:00:01.089583 nspr-2   ERROR [COM]: aRC=VBOX_E_OBJECT_NOT_FOUND (0x80bb0001) aIID={f30138d4-e5ea-4b3a-8858-a059de4c93fd} aComponent={SessionMachine} aText={No storage device attached to device slot 0 on port 0 of controller 'SATA'}, preserve=false aResultDetail=0
00:00:01.089896 nspr-2   ERROR [COM]: aRC=VBOX_E_OBJECT_NOT_FOUND (0x80bb0001) aIID={f30138d4-e5ea-4b3a-8858-a059de4c93fd} aComponent={SessionMachine} aText={No storage device attached to device slot 0 on port 0 of controller 'SATA'}, preserve=false aResultDetail=0
00:00:01.783204 nspr-3   WARNING [COM]: aRC=NS_ERROR_FAILURE (0x80004005) aIID={afca788c-4477-787d-60b2-3fa70e56fbbc} aComponent={HostWrap} aText={VirtualBox is not currently allowed to access USB devices.  You can change this by adding your user to the 'vboxusers' group.  Please see the user manual for a more detailed explanation}, preserve=true  aResultDetail=0
00:00:01.783651 nspr-3   WARNING [COM]: aRC=NS_ERROR_FAILURE (0x80004005) aIID={afca788c-4477-787d-60b2-3fa70e56fbbc} aComponent={HostWrap} aText={VirtualBox is not currently allowed to access USB devices.  You can change this by adding your user to the 'vboxusers' group.  Please see the user manual for a more detailed explanation}, preserve=true  aResultDetail=0
00:00:01.783752 nspr-5   ERROR [COM]: aRC=VBOX_E_OBJECT_NOT_FOUND (0x80bb0001) aIID={edba9d10-45d8-b440-1712-46ac0c9bc4c5} aComponent={ExtPackManagerWrap} aText={No extension pack by the name 'Oracle VM VirtualBox Extension Pack' was found}, preserve=false aResultDetail=0
00:00:01.798869 nspr-5   WARNING [COM]: aRC=NS_ERROR_FAILURE (0x80004005) aIID={afca788c-4477-787d-60b2-3fa70e56fbbc} aComponent={HostWrap} aText={VirtualBox is not currently allowed to access USB devices.  You can change this by adding your user to the 'vboxusers' group.  Please see the user manual for a more detailed explanation}, preserve=true  aResultDetail=0
00:00:01.799271 nspr-5   WARNING [COM]: aRC=NS_ERROR_FAILURE (0x80004005) aIID={afca788c-4477-787d-60b2-3fa70e56fbbc} aComponent={HostWrap} aText={VirtualBox is not currently allowed to access USB devices.  You can change this by adding your user to the 'vboxusers' group.  Please see the user manual for a more detailed explanation}, preserve=true  aResultDetail=0
00:00:01.806810 nspr-3   ERROR [COM]: aRC=VBOX_E_IPRT_ERROR (0x80bb0005) aIID={f30138d4-e5ea-4b3a-8858-a059de4c93fd} aComponent={SessionMachine} aText={Saved screenshot data is not available (VERR_NOT_SUPPORTED)}, preserve=false aResultDetail=0
00:00:02.276635 nspr-5   WARNING [COM]: aRC=NS_ERROR_FAILURE (0x80004005) aIID={afca788c-4477-787d-60b2-3fa70e56fbbc} aComponent={HostWrap} aText={VirtualBox is not currently allowed to access USB devices.  You can change this by adding your user to the 'vboxusers' group.  Please see the user manual for a more detailed explanation}, preserve=true  aResultDetail=0
00:00:35.803285 nspr-5   WARNING [COM]: aRC=NS_ERROR_FAILURE (0x80004005) aIID={afca788c-4477-787d-60b2-3fa70e56fbbc} aComponent={HostWrap} aText={VirtualBox is not currently allowed to access USB devices.  You can change this by adding your user to the 'vboxusers' group.  Please see the user manual for a more detailed explanation}, preserve=true  aResultDetail=0
00:00:35.860766 nspr-4   WARNING [COM]: aRC=NS_ERROR_FAILURE (0x80004005) aIID={afca788c-4477-787d-60b2-3fa70e56fbbc} aComponent={HostWrap} aText={VirtualBox is not currently allowed to access USB devices.  You can change this by adding your user to the 'vboxusers' group.  Please see the user manual for a more detailed explanation}, preserve=true  aResultDetail=0
00:00:35.861054 nspr-4   WARNING [COM]: aRC=NS_ERROR_FAILURE (0x80004005) aIID={afca788c-4477-787d-60b2-3fa70e56fbbc} aComponent={HostWrap} aText={VirtualBox is not currently allowed to access USB devices.  You can change this by adding your user to the 'vboxusers' group.  Please see the user manual for a more detailed explanation}, preserve=true  aResultDetail=0
00:03:34.929392 nspr-4   ERROR [COM]: aRC=VBOX_E_OBJECT_NOT_FOUND (0x80bb0001) aIID={f30138d4-e5ea-4b3a-8858-a059de4c93fd} aComponent={SessionMachine} aText={No storage device attached to device slot 0 on port 1 of controller 'SATA'}, preserve=false aResultDetail=0
00:03:34.929505 nspr-3   ERROR [COM]: aRC=VBOX_E_OBJECT_NOT_FOUND (0x80bb0001) aIID={f30138d4-e5ea-4b3a-8858-a059de4c93fd} aComponent={SessionMachine} aText={No storage device attached to device slot 0 on port 1 of controller 'SATA'}, preserve=false aResultDetail=0
00:03:34.929587 nspr-2   ERROR [COM]: aRC=VBOX_E_OBJECT_NOT_FOUND (0x80bb0001) aIID={f30138d4-e5ea-4b3a-8858-a059de4c93fd} aComponent={SessionMachine} aText={No storage device attached to device slot 0 on port 2 of controller 'SATA'}, preserve=false aResultDetail=0
00:03:34.929673 nspr-3   ERROR [COM]: aRC=VBOX_E_OBJECT_NOT_FOUND (0x80bb0001) aIID={f30138d4-e5ea-4b3a-8858-a059de4c93fd} aComponent={SessionMachine} aText={No storage device attached to device slot 0 on port 2 of controller 'SATA'}, preserve=false aResultDetail=0
00:03:34.929766 nspr-2   ERROR [COM]: aRC=VBOX_E_OBJECT_NOT_FOUND (0x80bb0001) aIID={f30138d4-e5ea-4b3a-8858-a059de4c93fd} aComponent={SessionMachine} aText={No storage device attached to device slot 0 on port 3 of controller 'SATA'}, preserve=false aResultDetail=0
00:03:34.929854 nspr-3   ERROR [COM]: aRC=VBOX_E_OBJECT_NOT_FOUND (0x80bb0001) aIID={f30138d4-e5ea-4b3a-8858-a059de4c93fd} aComponent={SessionMachine} aText={No storage device attached to device slot 0 on port 3 of controller 'SATA'}, preserve=false aResultDetail=0
00:03:34.929938 nspr-2   ERROR [COM]: aRC=VBOX_E_OBJECT_NOT_FOUND (0x80bb0001) aIID={f30138d4-e5ea-4b3a-8858-a059de4c93fd} aComponent={SessionMachine} aText={No storage device attached to device slot 0 on port 4 of controller 'SATA'}, preserve=false aResultDetail=0
00:03:34.930019 nspr-3   ERROR [COM]: aRC=VBOX_E_OBJECT_NOT_FOUND (0x80bb0001) aIID={f30138d4-e5ea-4b3a-8858-a059de4c93fd} aComponent={SessionMachine} aText={No storage device attached to device slot 0 on port 4 of controller 'SATA'}, preserve=false aResultDetail=0
00:03:34.930102 nspr-2   ERROR [COM]: aRC=VBOX_E_OBJECT_NOT_FOUND (0x80bb0001) aIID={f30138d4-e5ea-4b3a-8858-a059de4c93fd} aComponent={SessionMachine} aText={No storage device attached to device slot 0 on port 5 of controller 'SATA'}, preserve=false aResultDetail=0
00:03:34.930181 nspr-3   ERROR [COM]: aRC=VBOX_E_OBJECT_NOT_FOUND (0x80bb0001) aIID={f30138d4-e5ea-4b3a-8858-a059de4c93fd} aComponent={SessionMachine} aText={No storage device attached to device slot 0 on port 5 of controller 'SATA'}, preserve=false aResultDetail=0
00:03:34.930264 nspr-2   ERROR [COM]: aRC=VBOX_E_OBJECT_NOT_FOUND (0x80bb0001) aIID={f30138d4-e5ea-4b3a-8858-a059de4c93fd} aComponent={SessionMachine} aText={No storage device attached to device slot 0 on port 6 of controller 'SATA'}, preserve=false aResultDetail=0
00:03:34.930343 nspr-3   ERROR [COM]: aRC=VBOX_E_OBJECT_NOT_FOUND (0x80bb0001) aIID={f30138d4-e5ea-4b3a-8858-a059de4c93fd} aComponent={SessionMachine} aText={No storage device attached to device slot 0 on port 6 of controller 'SATA'}, preserve=false aResultDetail=0
00:03:34.930428 nspr-2   ERROR [COM]: aRC=VBOX_E_OBJECT_NOT_FOUND (0x80bb0001) aIID={f30138d4-e5ea-4b3a-8858-a059de4c93fd} aComponent={SessionMachine} aText={No storage device attached to device slot 0 on port 7 of controller 'SATA'}, preserve=false aResultDetail=0
00:03:34.930507 nspr-3   ERROR [COM]: aRC=VBOX_E_OBJECT_NOT_FOUND (0x80bb0001) aIID={f30138d4-e5ea-4b3a-8858-a059de4c93fd} aComponent={SessionMachine} aText={No storage device attached to device slot 0 on port 7 of controller 'SATA'}, preserve=false aResultDetail=0
00:03:34.934536 nspr-3   WARNING [COM]: aRC=NS_ERROR_FAILURE (0x80004005) aIID={afca788c-4477-787d-60b2-3fa70e56fbbc} aComponent={HostWrap} aText={VirtualBox is not currently allowed to access USB devices.  You can change this by adding your user to the 'vboxusers' group.  Please see the user manual for a more detailed explanation}, preserve=true  aResultDetail=0
00:03:34.934603 nspr-4   WARNING [COM]: aRC=NS_ERROR_FAILURE (0x80004005) aIID={afca788c-4477-787d-60b2-3fa70e56fbbc} aComponent={HostWrap} aText={VirtualBox is not currently allowed to access USB devices.  You can change this by adding your user to the 'vboxusers' group.  Please see the user manual for a more detailed explanation}, preserve=true  aResultDetail=0
00:03:34.939176 nspr-3   ERROR [COM]: aRC=NS_ERROR_FAILURE (0x80004005) aIID={f30138d4-e5ea-4b3a-8858-a059de4c93fd} aComponent={SessionMachine} aText={This machine does not have any snapshots}, preserve=false aResultDetail=0
00:06:05.127160 nspr-5   ERROR [COM]: aRC=VBOX_E_OBJECT_NOT_FOUND (0x80bb0001) aIID={f30138d4-e5ea-4b3a-8858-a059de4c93fd} aComponent={SessionMachine} aText={No storage device attached to device slot 0 on port 1 of controller 'SATA'}, preserve=false aResultDetail=0
00:06:05.127262 nspr-4   ERROR [COM]: aRC=VBOX_E_OBJECT_NOT_FOUND (0x80bb0001) aIID={f30138d4-e5ea-4b3a-8858-a059de4c93fd} aComponent={SessionMachine} aText={No storage device attached to device slot 0 on port 1 of controller 'SATA'}, preserve=false aResultDetail=0
00:06:05.127344 nspr-3   ERROR [COM]: aRC=VBOX_E_OBJECT_NOT_FOUND (0x80bb0001) aIID={f30138d4-e5ea-4b3a-8858-a059de4c93fd} aComponent={SessionMachine} aText={No storage device attached to device slot 0 on port 2 of controller 'SATA'}, preserve=false aResultDetail=0
00:06:05.127422 nspr-4   ERROR [COM]: aRC=VBOX_E_OBJECT_NOT_FOUND (0x80bb0001) aIID={f30138d4-e5ea-4b3a-8858-a059de4c93fd} aComponent={SessionMachine} aText={No storage device attached to device slot 0 on port 2 of controller 'SATA'}, preserve=false aResultDetail=0
00:06:05.127496 nspr-3   ERROR [COM]: aRC=VBOX_E_OBJECT_NOT_FOUND (0x80bb0001) aIID={f30138d4-e5ea-4b3a-8858-a059de4c93fd} aComponent={SessionMachine} aText={No storage device attached to device slot 0 on port 3 of controller 'SATA'}, preserve=false aResultDetail=0
00:06:05.127566 nspr-4   ERROR [COM]: aRC=VBOX_E_OBJECT_NOT_FOUND (0x80bb0001) aIID={f30138d4-e5ea-4b3a-8858-a059de4c93fd} aComponent={SessionMachine} aText={No storage device attached to device slot 0 on port 3 of controller 'SATA'}, preserve=false aResultDetail=0
00:06:05.127637 nspr-3   ERROR [COM]: aRC=VBOX_E_OBJECT_NOT_FOUND (0x80bb0001) aIID={f30138d4-e5ea-4b3a-8858-a059de4c93fd} aComponent={SessionMachine} aText={No storage device attached to device slot 0 on port 4 of controller 'SATA'}, preserve=false aResultDetail=0
00:06:05.127710 nspr-4   ERROR [COM]: aRC=VBOX_E_OBJECT_NOT_FOUND (0x80bb0001) aIID={f30138d4-e5ea-4b3a-8858-a059de4c93fd} aComponent={SessionMachine} aText={No storage device attached to device slot 0 on port 4 of controller 'SATA'}, preserve=false aResultDetail=0
00:06:05.127783 nspr-3   ERROR [COM]: aRC=VBOX_E_OBJECT_NOT_FOUND (0x80bb0001) aIID={f30138d4-e5ea-4b3a-8858-a059de4c93fd} aComponent={SessionMachine} aText={No storage device attached to device slot 0 on port 5 of controller 'SATA'}, preserve=false aResultDetail=0
00:06:05.127853 nspr-4   ERROR [COM]: aRC=VBOX_E_OBJECT_NOT_FOUND (0x80bb0001) aIID={f30138d4-e5ea-4b3a-8858-a059de4c93fd} aComponent={SessionMachine} aText={No storage device attached to device slot 0 on port 5 of controller 'SATA'}, preserve=false aResultDetail=0
00:06:05.127925 nspr-3   ERROR [COM]: aRC=VBOX_E_OBJECT_NOT_FOUND (0x80bb0001) aIID={f30138d4-e5ea-4b3a-8858-a059de4c93fd} aComponent={SessionMachine} aText={No storage device attached to device slot 0 on port 6 of controller 'SATA'}, preserve=false aResultDetail=0
00:06:05.127995 nspr-4   ERROR [COM]: aRC=VBOX_E_OBJECT_NOT_FOUND (0x80bb0001) aIID={f30138d4-e5ea-4b3a-8858-a059de4c93fd} aComponent={SessionMachine} aText={No storage device attached to device slot 0 on port 6 of controller 'SATA'}, preserve=false aResultDetail=0
00:06:05.128065 nspr-3   ERROR [COM]: aRC=VBOX_E_OBJECT_NOT_FOUND (0x80bb0001) aIID={f30138d4-e5ea-4b3a-8858-a059de4c93fd} aComponent={SessionMachine} aText={No storage device attached to device slot 0 on port 7 of controller 'SATA'}, preserve=false aResultDetail=0
00:06:05.128131 nspr-4   ERROR [COM]: aRC=VBOX_E_OBJECT_NOT_FOUND (0x80bb0001) aIID={f30138d4-e5ea-4b3a-8858-a059de4c93fd} aComponent={SessionMachine} aText={No storage device attached to device slot 0 on port 7 of controller 'SATA'}, preserve=false aResultDetail=0
00:06:05.131146 nspr-4   WARNING [COM]: aRC=NS_ERROR_FAILURE (0x80004005) aIID={afca788c-4477-787d-60b2-3fa70e56fbbc} aComponent={HostWrap} aText={VirtualBox is not currently allowed to access USB devices.  You can change this by adding your user to the 'vboxusers' group.  Please see the user manual for a more detailed explanation}, preserve=true  aResultDetail=0
00:06:05.131200 nspr-3   WARNING [COM]: aRC=NS_ERROR_FAILURE (0x80004005) aIID={afca788c-4477-787d-60b2-3fa70e56fbbc} aComponent={HostWrap} aText={VirtualBox is not currently allowed to access USB devices.  You can change this by adding your user to the 'vboxusers' group.  Please see the user manual for a more detailed explanation}, preserve=true  aResultDetail=0
00:06:05.135353 nspr-4   ERROR [COM]: aRC=NS_ERROR_FAILURE (0x80004005) aIID={f30138d4-e5ea-4b3a-8858-a059de4c93fd} aComponent={SessionMachine} aText={This machine does not have any snapshots}, preserve=false aResultDetail=0
00:09:06.050661 main     ERROR [COM]: aRC=VBOX_E_OBJECT_IN_USE (0x80bb000c) aIID={4afe423b-43e0-e9d0-82e8-ceb307940dda} aComponent={MediumWrap} aText={Medium '/home/shd/VirtualBox VMs/vagrant_core-01_1457006719608_36449/coreos_production_vagrant_image.vmdk' cannot be closed because it is still attached to 1 virtual machines}, preserve=false aResultDetail=0
00:09:06.050754 main     ERROR [COM]: aRC=VBOX_E_OBJECT_IN_USE (0x80bb000c) aIID={4afe423b-43e0-e9d0-82e8-ceb307940dda} aComponent={MediumWrap} aText={Medium '/home/shd/VirtualBox VMs/vagrant_core-02_1457006742980_82453/coreos_production_vagrant_image.vmdk' cannot be closed because it is still attached to 1 virtual machines}, preserve=false aResultDetail=0
00:09:06.050833 main     ERROR [COM]: aRC=VBOX_E_OBJECT_IN_USE (0x80bb000c) aIID={4afe423b-43e0-e9d0-82e8-ceb307940dda} aComponent={MediumWrap} aText={Medium '/home/shd/VirtualBox VMs/vagrant_core-03_1457006766756_51629/coreos_production_vagrant_image.vmdk' cannot be closed because it is still attached to 1 virtual machines}, preserve=false aResultDetail=0
00:09:06.050899 main     ERROR [COM]: aRC=VBOX_E_OBJECT_IN_USE (0x80bb000c) aIID={4afe423b-43e0-e9d0-82e8-ceb307940dda} aComponent={MediumWrap} aText={Medium '/home/shd/VirtualBox VMs/vagrant_core-04_1457006791325_34930/coreos_production_vagrant_image.vmdk' cannot be closed because it is still attached to 1 virtual machines}, preserve=false aResultDetail=0
00:09:06.050962 main     ERROR [COM]: aRC=VBOX_E_OBJECT_IN_USE (0x80bb000c) aIID={4afe423b-43e0-e9d0-82e8-ceb307940dda} aComponent={MediumWrap} aText={Medium '/home/shd/Downloads/64bit/Debian 8.2 (64bit).vdi' cannot be closed because it is still attached to 1 virtual machines}, preserve=false aResultDetail=0
00:09:06.051026 main     ERROR [COM]: aRC=VBOX_E_OBJECT_IN_USE (0x80bb000c) aIID={4afe423b-43e0-e9d0-82e8-ceb307940dda} aComponent={MediumWrap} aText={Medium '/home/shd/VirtualBox VMs/nixops-4f790bba-e784-11e5-89fd-305a3a4b2f3b-test1/disk1.vdi' cannot be closed because it is still attached to 1 virtual machines}, preserve=false aResultDetail=0
